2024/11/03 22:12:20 Вооркер 1 запущен
2024/11/03 22:12:20 Вооркер 2 запущен
2024/11/03 22:12:20 Вооркер 3 запущен
2024/11/03 22:12:20 Вооркер 4 запущен
2024/11/03 22:12:20 Вооркер 5 запущен
2024/11/03 22:12:20 Воркер 1: обработал строку: Александр Блок "Двенадцать"
2024/11/03 22:12:20 Воркер 2: обработал строку: 1
2024/11/03 22:12:20 Воркер 5: обработал строку: Ветер, ветер!
2024/11/03 22:12:20 Воркер 3: обработал строку: Черный вечер.
2024/11/03 22:12:20 Воркер 4: обработал строку: Белый снег.
2024/11/03 22:12:20 Воркер 1: обработал строку: На ногах не стоит человек.
2024/11/03 22:12:20 Воркер 2: обработал строку: Ветер, ветер —
2024/11/03 22:12:20 Воркер 3: обработал строку: Завивает ветер
2024/11/03 22:12:20 Воркер 4: обработал строку: Белый снежок.
2024/11/03 22:12:20 Воркер 5: обработал строку: На всем Божьем свете!
2024/11/03 22:12:20 Воркер 1: обработал строку: Под снежком — ледок.
2024/11/03 22:12:20 Воркер 2: обработал строку: Скользко, тяжко,
2024/11/03 22:12:20 Воркер 3: обработал строку: Всякий ходок
2024/11/03 22:12:20 Воркер 5: обработал строку: От здания к зданию
2024/11/03 22:12:20 Воркер 4: обработал строку: Скользит — ах, бедняжка!
2024/11/03 22:12:20 Воркер 1: обработал строку: Протянут канат.
2024/11/03 22:12:20 Воркер 2: обработал строку: На канате — плакат:
2024/11/03 22:12:20 Воркер 3: обработал строку: «Вся власть Учредительному Собранию!»
2024/11/03 22:12:20 Воркер 5: обработал строку: Старушка убивается — плачет,
2024/11/03 22:12:20 Воркер 4: обработал строку: Никак не поймет, что значит,
2024/11/03 22:12:20 Воркер 1: обработал строку: На что такой плакат,
2024/11/03 22:12:20 Воркер 2: обработал строку: Такой огромный лоскут?
2024/11/03 22:12:20 Воркер 4: обработал строку: Старушка, как курица,
2024/11/03 22:12:20 Воркер 3: обработал строку: Сколько бы вышло портянок для ребят,
2024/11/03 22:12:20 Воркер 5: обработал строку: А всякий — раздет, разут...
2024/11/03 22:12:20 Воркер 1: обработал строку: Кой-как перемотнулась через сугроб.
2024/11/03 22:12:20 Воркер 2: обработал строку: — Ох, Матушка-Заступница!
2024/11/03 22:12:20 Воркер 4: обработал строку: — Ох, большевики загонят в гроб!
2024/11/03 22:12:20 Воркер 5: обработал строку: Не отстает и мороз!
2024/11/03 22:12:20 Воркер 3: обработал строку: Ветер хлесткий!
2024/11/03 22:12:20 Воркер 1: обработал строку: И буржуй на перекрестке
2024/11/03 22:12:20 Воркер 2: обработал строку: В воротник упрятал нос.
2024/11/03 22:12:20 Воркер 3: обработал строку: — Предатели!
2024/11/03 22:12:20 Воркер 4: обработал строку: А это кто? — Длинные волосы
2024/11/03 22:12:20 Воркер 5: обработал строку: И говорит вполголоса:
2024/11/03 22:12:20 Воркер 1: обработал строку: — Погибла Россия!
2024/11/03 22:12:20 Воркер 2: обработал строку: Должно быть, писатель —
2024/11/03 22:12:20 Воркер 3: обработал строку: Вития...
2024/11/03 22:12:20 Воркер 4: обработал строку: А вон и долгополый —
2024/11/03 22:12:20 Воркер 5: обработал строку: Сторонкой — за сугроб...
2024/11/03 22:12:20 Воркер 1: обработал строку: Что нынче невеселый,
2024/11/03 22:12:20 Воркер 2: обработал строку: Товарищ поп?
2024/11/03 22:12:20 Воркер 4: обработал строку: Брюхом шел вперед,
2024/11/03 22:12:20 Воркер 5: обработал строку: И крестом сияло
2024/11/03 22:12:20 Воркер 3: обработал строку: Помнишь, как бывало
2024/11/03 22:12:20 Воркер 1: обработал строку: Брюхо на народ?
2024/11/03 22:12:20 Воркер 2: обработал строку: Вон барыня в каракуле
2024/11/03 22:12:20 Воркер 5: обработал строку: — Ужь мы плакали, плакали...
2024/11/03 22:12:20 Воркер 3: обработал строку: Поскользнулась
2024/11/03 22:12:20 Воркер 4: обработал строку: К другой подвернулась:
2024/11/03 22:12:20 Воркер 1: обработал строку: И — бац — растянулась!
2024/11/03 22:12:21 Воркер 2: обработал строку: Ай, ай!
2024/11/03 22:12:21 Воркер 5: обработал строку: Тяни, подымай!
2024/11/03 22:12:21 Воркер 3: обработал строку: Ветер веселый
2024/11/03 22:12:21 Воркер 4: обработал строку: И зол, и рад.
2024/11/03 22:12:21 Воркер 1: обработал строку: Крутит подолы,
2024/11/03 22:12:21 Воркер 2: обработал строку: Прохожих косит,
2024/11/03 22:12:21 Воркер 5: обработал строку: Рвет, мнет и носит
2024/11/03 22:12:21 Воркер 4: обработал строку: «Вся власть Учредительному Собранию»...
2024/11/03 22:12:21 Воркер 3: обработал строку: Большой плакат:
2024/11/03 22:12:21 Воркер 1: обработал строку: И слова доносит:
2024/11/03 22:12:21 Воркер 2: обработал строку: ... И у нас было собрание...
2024/11/03 22:12:21 Воркер 5: обработал строку: ... Вот в этом здании...
2024/11/03 22:12:21 Воркер 4: обработал строку: ... Обсудили —
2024/11/03 22:12:21 Воркер 3: обработал строку: Постановили:
2024/11/03 22:12:21 Воркер 1: обработал строку: На время — десять, на ночь — двадцать пять...
2024/11/03 22:12:21 Воркер 2: обработал строку: ... И меньше — ни с кого не брать...
2024/11/03 22:12:21 Воркер 4: обработал строку: Поздний вечер.
2024/11/03 22:12:21 Воркер 5: обработал строку: ... Пойдем спать...
2024/11/03 22:12:21 Воркер 3: обработал строку: Пустеет улица.
2024/11/03 22:12:21 Воркер 1: обработал строку: Один бродяга
2024/11/03 22:12:21 Воркер 2: обработал строку: Сутулится,
2024/11/03 22:12:21 Воркер 4: обработал строку: Да свищет ветер...
2024/11/03 22:12:21 Воркер 3: обработал строку: Подходи —
2024/11/03 22:12:21 Воркер 5: обработал строку: Эй, бедняга!
2024/11/03 22:12:21 Воркер 1: обработал строку: Поцелуемся...
2024/11/03 22:12:21 Воркер 5: обработал строку: Черное, черное небо.
2024/11/03 22:12:21 Воркер 4: обработал строку: Что впереди?
2024/11/03 22:12:21 Воркер 2: обработал строку: Хлеба!
2024/11/03 22:12:21 Воркер 3: обработал строку: Проходи!
2024/11/03 22:12:21 Воркер 1: обработал строку: Злоба, грустная злоба
2024/11/03 22:12:21 Воркер 3: обработал строку: В оба!
2024/11/03 22:12:21 Воркер 4: обработал строку: Черная злоба, святая злоба...
2024/11/03 22:12:21 Воркер 2: обработал строку: Товарищ! Гляди
2024/11/03 22:12:21 Воркер 5: обработал строку: Кипит в груди...
2024/11/03 22:12:21 Воркер 1: обработал строку: 2
2024/11/03 22:12:21 Воркер 4: обработал строку: Идут двенадцать человек.
2024/11/03 22:12:21 Воркер 5: обработал строку: Кругом — огни, огни, огни...
2024/11/03 22:12:21 Воркер 2: обработал строку: Винтовок черные ремни,
2024/11/03 22:12:21 Воркер 3: обработал строку: Гуляет ветер, порхает снег.
2024/11/03 22:12:21 Воркер 1: обработал строку: В зубах — цыгарка, примят картуз,
2024/11/03 22:12:21 Воркер 3: обработал строку: Тра-та-та!
2024/11/03 22:12:21 Воркер 2: обработал строку: Эх, эх, без креста!
2024/11/03 22:12:21 Воркер 4: обработал строку: На спину б надо бубновый туз!
2024/11/03 22:12:21 Воркер 5: обработал строку: Свобода, свобода,
2024/11/03 22:12:21 Воркер 1: обработал строку: Холодно, товарищи, холодно!
2024/11/03 22:12:21 Воркер 5: обработал строку: — Был Ванька наш, а стал солдат!
2024/11/03 22:12:21 Воркер 4: обработал строку: — Ванюшка сам теперь богат...
2024/11/03 22:12:21 Воркер 2: обработал строку: — У ей керенки есть в чулке!
2024/11/03 22:12:21 Воркер 3: обработал строку: — А Ванька с Катькой — в кабаке...
2024/11/03 22:12:21 Воркер 1: обработал строку: — Ну, Ванька, сукин сын, буржуй,
2024/11/03 22:12:21 Воркер 3: обработал строку: Катька с Ванькой занята —
2024/11/03 22:12:21 Воркер 4: обработал строку: Свобода, свобода,
2024/11/03 22:12:21 Воркер 2: обработал строку: Эх, эх, без креста!
2024/11/03 22:12:21 Воркер 5: обработал строку: Мою, попробуй, поцелуй!
2024/11/03 22:12:21 Воркер 1: обработал строку: Чем, чем занята?..
2024/11/03 22:12:21 Воркер 3: обработал строку: Тра-та-та!
2024/11/03 22:12:21 Воркер 5: обработал строку: Революцьонный держите шаг!
2024/11/03 22:12:21 Воркер 2: обработал строку: Оплечь — ружейные ремни...
2024/11/03 22:12:21 Воркер 4: обработал строку: Кругом — огни, огни, огни...
2024/11/03 22:12:21 Воркер 1: обработал строку: Неугомонный не дремлет враг!
2024/11/03 22:12:21 Воркер 4: обработал строку: В избяную,
2024/11/03 22:12:21 Воркер 3: обработал строку: Товарищ, винтовку держи, не трусь!
2024/11/03 22:12:21 Воркер 5: обработал строку: Пальнем-ка пулей в Святую Русь —
2024/11/03 22:12:21 Воркер 2: обработал строку: В кондовую,
2024/11/03 22:12:21 Воркер 1: обработал строку: В толстозадую!
2024/11/03 22:12:21 Воркер 2: обработал строку: В красной гвардии служить —
2024/11/03 22:12:21 Воркер 4: обработал строку: Эх, эх, без креста!
2024/11/03 22:12:21 Воркер 5: обработал строку: Как пошли наши ребята
2024/11/03 22:12:21 Воркер 3: обработал строку: 3
2024/11/03 22:12:21 Воркер 1: обработал строку: В красной гвардии служить —
2024/11/03 22:12:21 Воркер 3: обработал строку: Рваное пальтишко,
2024/11/03 22:12:21 Воркер 4: обработал строку: Эх ты, горе-горькое,
2024/11/03 22:12:21 Воркер 5: обработал строку: Сладкое житье!
2024/11/03 22:12:21 Воркер 2: обработал строку: Буйну голову сложить!
2024/11/03 22:12:21 Воркер 1: обработал строку: Австрийское ружье!
2024/11/03 22:12:21 Воркер 2: обработал строку: Господи, благослови!
2024/11/03 22:12:21 Воркер 5: обработал строку: Мировой пожар в крови —
2024/11/03 22:12:21 Воркер 3: обработал строку: Мы на горе всем буржуям
2024/11/03 22:12:21 Воркер 4: обработал строку: Мировой пожар раздуем,
2024/11/03 22:12:21 Воркер 1: обработал строку: 4
2024/11/03 22:12:21 Воркер 5: обработал строку: Ванька с Катькою летит —
2024/11/03 22:12:21 Воркер 3: обработал строку: Елекстрический фонарик
2024/11/03 22:12:21 Воркер 2: обработал строку: Снег крутит, лихач кричит,
2024/11/03 22:12:21 Воркер 4: обработал строку: На оглобельках...
2024/11/03 22:12:21 Воркер 1: обработал строку: Ах, ах, пади!..
2024/11/03 22:12:21 Воркер 4: обработал строку: Да покручивает,
2024/11/03 22:12:21 Воркер 5: обработал строку: Он в шинелишке солдатской
2024/11/03 22:12:21 Воркер 3: обработал строку: С физиономией дурацкой
2024/11/03 22:12:21 Воркер 2: обработал строку: Крутит, крутит черный ус,
2024/11/03 22:12:21 Воркер 1: обработал строку: Да пошучивает...
2024/11/03 22:12:21 Воркер 5: обработал строку: Вот так Ванька — он речист!
2024/11/03 22:12:21 Воркер 2: обработал строку: Заговаривает...
2024/11/03 22:12:21 Воркер 4: обработал строку: Вот так Ванька — он плечист!
2024/11/03 22:12:21 Воркер 3: обработал строку: Катьку-дуру обнимает,
2024/11/03 22:12:21 Воркер 1: обработал строку: Запрокинулась лицом,
2024/11/03 22:12:21 Воркер 3: обработал строку: 5
2024/11/03 22:12:21 Воркер 2: обработал строку: Ах ты, Катя, моя Катя,
2024/11/03 22:12:21 Воркер 5: обработал строку: Зубки блещут жемчугом...
2024/11/03 22:12:21 Воркер 4: обработал строку: Толстоморденькая...
2024/11/03 22:12:22 Воркер 1: обработал строку: У тебя на шее, Катя,
2024/11/03 22:12:22 Воркер 4: обработал строку: Эх, эх, попляши!
2024/11/03 22:12:22 Воркер 2: обработал строку: У тебя под грудью, Катя,
2024/11/03 22:12:22 Воркер 5: обработал строку: Та царапина свежа!
2024/11/03 22:12:22 Воркер 3: обработал строку: Шрам не зажил от ножа.
2024/11/03 22:12:22 Воркер 1: обработал строку: Больно ножки хороши!
2024/11/03 22:12:22 Воркер 3: обработал строку: Поблуди-ка, поблуди!
2024/11/03 22:12:22 Воркер 2: обработал строку: Походи-ка, походи!
2024/11/03 22:12:22 Воркер 4: обработал строку: В кружевном белье ходила —
2024/11/03 22:12:22 Воркер 5: обработал строку: С офицерами блудила —
2024/11/03 22:12:22 Воркер 1: обработал строку: Эх, эх, поблуди!
2024/11/03 22:12:22 Воркер 5: обработал строку: Аль не вспомнила, холера?
2024/11/03 22:12:22 Воркер 2: обработал строку: Помнишь, Катя, офицера —
2024/11/03 22:12:22 Воркер 3: обработал строку: Сердце екнуло в груди!
2024/11/03 22:12:22 Воркер 4: обработал строку: Не ушел он от ножа...
2024/11/03 22:12:22 Воркер 1: обработал строку: Али память не свежа?
2024/11/03 22:12:22 Воркер 4: обработал строку: Шоколад Миньон жрала,
2024/11/03 22:12:22 Воркер 2: обработал строку: Спать с собою положи!
2024/11/03 22:12:22 Воркер 5: обработал строку: Эх, эх, освежи,
2024/11/03 22:12:22 Воркер 3: обработал строку: Гетры серые носила,
2024/11/03 22:12:22 Воркер 1: обработал строку: С юнкерьем гулять ходила —
2024/11/03 22:12:22 Воркер 2: обработал строку: Эх, эх, согреши!
2024/11/03 22:12:22 Воркер 3: обработал строку: 6
2024/11/03 22:12:22 Воркер 5: обработал строку: Будет легче для души!
2024/11/03 22:12:22 Воркер 4: обработал строку: С солдатьем теперь пошла?
2024/11/03 22:12:22 Воркер 1: обработал строку: ... Опять навстречу несется вскачь.
2024/11/03 22:12:22 Воркер 3: обработал строку: Стой, стой! Андрюха, помогай!
2024/11/03 22:12:22 Воркер 5: обработал строку: Петруха, сзаду забегай!..
2024/11/03 22:12:22 Воркер 2: обработал строку: Летит, вопит, орет лихач...
2024/11/03 22:12:22 Воркер 4: обработал строку: Трах, тарарах-тах-тах-тах-тах!
2024/11/03 22:12:22 Воркер 1: обработал строку: Вскрутился к небу снежный прах!..
2024/11/03 22:12:22 Воркер 4: обработал строку: Как с девочкой чужой гулять!..
2024/11/03 22:12:22 Воркер 2: обработал строку: Трах-тарарах! Ты будешь знать,
2024/11/03 22:12:22 Воркер 3: обработал строку: Лихач — и с Ванькой — наутек...
2024/11/03 22:12:22 Воркер 5: обработал строку: Еще разок! Взводи курок!..
2024/11/03 22:12:22 Воркер 1: обработал строку: Утек, подлец! Ужо, постой,
2024/11/03 22:12:22 Воркер 2: обработал строку: А Катька где? — Мертва, мертва!
2024/11/03 22:12:22 Воркер 5: обработал строку: Что Катька, рада? — Ни гу-гу...
2024/11/03 22:12:22 Воркер 3: обработал строку: Простреленная голова!
2024/11/03 22:12:22 Воркер 4: обработал строку: Расправлюсь завтра я с тобой!
2024/11/03 22:12:22 Воркер 1: обработал строку: Лежи ты, падаль, на снегу!
2024/11/03 22:12:22 Воркер 4: обработал строку: И опять идут двенадцать,
2024/11/03 22:12:22 Воркер 3: обработал строку: 7
2024/11/03 22:12:22 Воркер 5: обработал строку: Неугомонный не дремлет враг!
2024/11/03 22:12:22 Воркер 2: обработал строку: Революцьонный держите шаг!
2024/11/03 22:12:22 Воркер 1: обработал строку: За плечами — ружьеца.
2024/11/03 22:12:22 Воркер 5: обработал строку: Все быстрее и быстрее
2024/11/03 22:12:22 Воркер 2: обработал строку: Уторапливает шаг.
2024/11/03 22:12:22 Воркер 3: обработал строку: Не видать совсем лица...
2024/11/03 22:12:22 Воркер 4: обработал строку: Лишь у бедного убийцы
2024/11/03 22:12:22 Воркер 1: обработал строку: Замотал платок на шее —
2024/11/03 22:12:22 Воркер 4: обработал строку: — Что, Петруха, нос повесил,
2024/11/03 22:12:22 Воркер 2: обработал строку: — Что, товарищ, ты не весел?
2024/11/03 22:12:22 Воркер 5: обработал строку: Не оправиться никак...
2024/11/03 22:12:22 Воркер 3: обработал строку: — Что, дружок, оторопел?
2024/11/03 22:12:22 Воркер 1: обработал строку: Или Катьку пожалел?
2024/11/03 22:12:22 Воркер 3: обработал строку: С этой девкой проводил...
2024/11/03 22:12:22 Воркер 2: обработал строку: Эту девку я любил...
2024/11/03 22:12:22 Воркер 4: обработал строку: — Ох, товарищи, родные,
2024/11/03 22:12:22 Воркер 5: обработал строку: Ночки черные, хмельные
2024/11/03 22:12:22 Воркер 1: обработал строку: — Из-за удали бедовой
2024/11/03 22:12:22 Воркер 4: обработал строку: Возле правого плеча,
2024/11/03 22:12:22 Воркер 2: обработал строку: Из-за родинки пунцовой
2024/11/03 22:12:22 Воркер 3: обработал строку: В огневых ее очах,
2024/11/03 22:12:22 Воркер 5: обработал строку: Загубил я, бестолковый,
2024/11/03 22:12:22 Воркер 1: обработал строку: Загубил я сгоряча... ах!
2024/11/03 22:12:22 Воркер 2: обработал строку: Что ты, Петька, баба что ль?
2024/11/03 22:12:22 Воркер 5: обработал строку: Вздумал вывернуть? Изволь!
2024/11/03 22:12:22 Воркер 3: обработал строку: — Верно, душу наизнанку
2024/11/03 22:12:22 Воркер 4: обработал строку: — Ишь, стервец, завел шарманку,
2024/11/03 22:12:22 Воркер 1: обработал строку: — Поддержи свою осанку!
2024/11/03 22:12:22 Воркер 3: обработал строку: Чтобы няньчиться с тобой!
2024/11/03 22:12:22 Воркер 2: обработал строку: — Над собой держи контроль!
2024/11/03 22:12:22 Воркер 5: обработал строку: — Не такое нынче время,
2024/11/03 22:12:22 Воркер 4: обработал строку: Потяжеле будет бремя
2024/11/03 22:12:22 Воркер 1: обработал строку: Нам, товарищ дорогой!
2024/11/03 22:12:22 Воркер 2: обработал строку: Торопливые шаги...
2024/11/03 22:12:22 Воркер 3: обработал строку: И Петруха замедляет
2024/11/03 22:12:22 Воркер 5: обработал строку: Он головку вскидавает,
2024/11/03 22:12:22 Воркер 4: обработал строку: Он опять повеселел...
2024/11/03 22:12:22 Воркер 1: обработал строку: Эх, Эх!
2024/11/03 22:12:22 Воркер 3: обработал строку: Запирайте етажи,
2024/11/03 22:12:22 Воркер 5: обработал строку: Нынче будут грабежи!
2024/11/03 22:12:22 Воркер 2: обработал строку: Позабавиться не грех!
2024/11/03 22:12:22 Воркер 4: обработал строку: Отмыкайте погреба —
2024/11/03 22:12:22 Воркер 1: обработал строку: Гуляет нынче голытьба!
2024/11/03 22:12:22 Воркер 3: обработал строку: 8
2024/11/03 22:12:22 Воркер 2: обработал строку: Скука скучная,
2024/11/03 22:12:22 Воркер 5: обработал строку: Ох ты, горе-горькое!
2024/11/03 22:12:22 Воркер 4: обработал строку: Смертная!
2024/11/03 22:12:22 Воркер 1: обработал строку: Ужь я времячко
2024/11/03 22:12:22 Воркер 3: обработал строку: Проведу, проведу...
2024/11/03 22:12:22 Воркер 5: обработал строку: Почешу, почешу...
2024/11/03 22:12:22 Воркер 2: обработал строку: Ужь я темячко
2024/11/03 22:12:22 Воркер 4: обработал строку: Ужь я семячки
2024/11/03 22:12:22 Воркер 1: обработал строку: Полущу, полущу...
2024/11/03 22:12:23 Воркер 3: обработал строку: Ужь я ножичком
2024/11/03 22:12:23 Воркер 5: обработал строку: Полосну, полосну!..
2024/11/03 22:12:23 Воркер 2: обработал строку: Ты лети, буржуй, воробышком!
2024/11/03 22:12:23 Воркер 4: обработал строку: Выпью кровушку
2024/11/03 22:12:23 Воркер 1: обработал строку: За зазнобушку,
2024/11/03 22:12:23 Воркер 3: обработал строку: Чернобровушку...
2024/11/03 22:12:23 Воркер 2: обработал строку: Скучно!
2024/11/03 22:12:23 Воркер 5: обработал строку: Упокой, Господи, душу рабы Твоея...
2024/11/03 22:12:23 Воркер 4: обработал строку: 9
2024/11/03 22:12:23 Воркер 1: обработал строку: Не слышно шуму городского,
2024/11/03 22:12:23 Воркер 3: обработал строку: Над невской башней тишина,
2024/11/03 22:12:23 Воркер 2: обработал строку: И больше нет городового —
2024/11/03 22:12:23 Воркер 5: обработал строку: Гуляй, ребята, без вина!
2024/11/03 22:12:23 Воркер 4: обработал строку: Стоит буржуй на перекрестке
2024/11/03 22:12:23 Воркер 1: обработал строку: И в воротник упрятал нос.
2024/11/03 22:12:23 Воркер 3: обработал строку: А рядом жмется шерстью жесткой
2024/11/03 22:12:23 Воркер 5: обработал строку: Стоит буржуй, как пес голодный,
2024/11/03 22:12:23 Воркер 2: обработал строку: Поджавший хвост паршивый пес.
2024/11/03 22:12:23 Воркер 4: обработал строку: Стоит безмолвный, как вопрос.
2024/11/03 22:12:23 Воркер 1: обработал строку: И старый мир, как пес безродный,
2024/11/03 22:12:23 Воркер 3: обработал строку: Стоит за ним, поджавши хвост.
2024/11/03 22:12:23 Воркер 2: обработал строку: Разыгралась чтой-то вьюга,
2024/11/03 22:12:23 Воркер 5: обработал строку: 10
2024/11/03 22:12:23 Воркер 4: обработал строку: Ой, вьюга́, ой, вьюга́!
2024/11/03 22:12:23 Воркер 1: обработал строку: Не видать совсем друг друга
2024/11/03 22:12:23 Воркер 3: обработал строку: За четыре за шага!
2024/11/03 22:12:23 Воркер 5: обработал строку: Снег столбушкой поднялся...
2024/11/03 22:12:23 Воркер 2: обработал строку: Снег воронкой завился,
2024/11/03 22:12:23 Воркер 4: обработал строку: — Ох, пурга какая, Спасе!
2024/11/03 22:12:23 Воркер 1: обработал строку: — Петька! Эй, не завирайся!
2024/11/03 22:12:23 Воркер 2: обработал строку: Бессознательный ты, право,
2024/11/03 22:12:23 Воркер 3: обработал строку: От чего тебя упас
2024/11/03 22:12:23 Воркер 5: обработал строку: Золотой иконостас?
2024/11/03 22:12:23 Воркер 4: обработал строку: Рассуди, подумай здраво —
2024/11/03 22:12:23 Воркер 1: обработал строку: Али руки не в крови
2024/11/03 22:12:23 Воркер 3: обработал строку: — Шаг держи революцьонный!
2024/11/03 22:12:23 Воркер 2: обработал строку: Из-за Катькиной любви?
2024/11/03 22:12:23 Воркер 5: обработал строку: Близок враг неугомонный!
2024/11/03 22:12:23 Воркер 4: обработал строку: Вперед, вперед, вперед,
2024/11/03 22:12:23 Воркер 1: обработал строку: Рабочий народ!
2024/11/03 22:12:23 Воркер 3: обработал строку: 11
2024/11/03 22:12:23 Воркер 5: обработал строку: Все двенадцать — вдаль.
2024/11/03 22:12:23 Воркер 2: обработал строку: ... И идут без имени святого
2024/11/03 22:12:23 Воркер 4: обработал строку: Ко всему готовы,
2024/11/03 22:12:23 Воркер 1: обработал строку: Ничего не жаль...
2024/11/03 22:12:23 Воркер 3: обработал строку: Их винтовочки стальные
2024/11/03 22:12:23 Воркер 2: обработал строку: В переулочки глухие,
2024/11/03 22:12:23 Воркер 5: обработал строку: На незримого врага...
2024/11/03 22:12:23 Воркер 4: обработал строку: Где одна пылит пурга...
2024/11/03 22:12:23 Воркер 1: обработал строку: Да в сугробы пуховые —
2024/11/03 22:12:23 Воркер 5: обработал строку: Красный флаг.
2024/11/03 22:12:23 Воркер 2: обработал строку: В очи бьется
2024/11/03 22:12:23 Воркер 3: обработал строку: Не утянешь сапога...
2024/11/03 22:12:23 Воркер 4: обработал строку: Раздается
2024/11/03 22:12:23 Воркер 1: обработал строку: Мерный шаг.
2024/11/03 22:12:23 Воркер 2: обработал строку: Лютый враг...
2024/11/03 22:12:23 Воркер 3: обработал строку: И вьюга́ пылит им в очи
2024/11/03 22:12:23 Воркер 5: обработал строку: Вот — проснется
2024/11/03 22:12:23 Воркер 4: обработал строку: Дни и ночи
2024/11/03 22:12:23 Воркер 1: обработал строку: Напролет...
2024/11/03 22:12:23 Воркер 2: обработал строку: Вперед, вперед,
2024/11/03 22:12:23 Воркер 5: обработал строку: 12
2024/11/03 22:12:23 Воркер 3: обработал строку: Рабочий народ!
2024/11/03 22:12:23 Воркер 4: обработал строку: ... Вдаль идут державным шагом...
2024/11/03 22:12:23 Воркер 1: обработал строку: — Кто еще там? Выходи!
2024/11/03 22:12:23 Воркер 2: обработал строку: Это — ветер с красным флагом
2024/11/03 22:12:23 Воркер 5: обработал строку: Разыгрался впереди...
2024/11/03 22:12:23 Воркер 3: обработал строку: Впереди — сугроб холодный,
2024/11/03 22:12:23 Воркер 4: обработал строку: — Кто в сугробе — выходи!..
2024/11/03 22:12:23 Воркер 1: обработал строку: Только нищий пес голодный
2024/11/03 22:12:23 Воркер 3: обработал строку: Я штыком пощекочу!
2024/11/03 22:12:23 Воркер 4: обработал строку: Старый мир, как пес паршивый,
2024/11/03 22:12:23 Воркер 2: обработал строку: Ковыляет позади...
2024/11/03 22:12:23 Воркер 5: обработал строку: — Отвяжись ты, шелудивый,
2024/11/03 22:12:23 Воркер 1: обработал строку: Провались — поколочу!
2024/11/03 22:12:23 Воркер 5: обработал строку: — Эй, откликнись, кто идет?
2024/11/03 22:12:23 Воркер 2: обработал строку: Пес холодный — пес безродный ...
2024/11/03 22:12:23 Воркер 3: обработал строку: ... Скалит зубы — волк голодный —
2024/11/03 22:12:23 Воркер 4: обработал строку: Хвост поджал — не отстает —
2024/11/03 22:12:23 Воркер 1: обработал строку: — Кто там машет красным флагом?
2024/11/03 22:12:23 Воркер 4: обработал строку: — Все равно, тебя добуду,
2024/11/03 22:12:23 Воркер 2: обработал строку: — Кто там ходит беглым шагом,
2024/11/03 22:12:23 Воркер 3: обработал строку: Хоронясь за все дома?
2024/11/03 22:12:23 Воркер 5: обработал строку: — Приглядись-ка, эка тьма!
2024/11/03 22:12:23 Воркер 1: обработал строку: Лучше сдайся мне живьем!
2024/11/03 22:12:23 Воркер 5: обработал строку: Откликается в домах...
2024/11/03 22:12:23 Воркер 2: обработал строку: Выходи, стрелять начнем!
2024/11/03 22:12:23 Воркер 3: обработал строку: Трах-тах-тах! — И только эхо
2024/11/03 22:12:23 Воркер 4: обработал строку: — Эй, товарищ, будет худо,
2024/11/03 22:12:23 Воркер 1: обработал строку: Только вьюга долгим смехом
2024/11/03 22:12:23 Воркер 5: обработал строку: Заливается в снегах...
2024/11/03 22:12:23 Воркер 4: обработал строку: ... Так идут державным шагом —
2024/11/03 22:12:23 Воркер 3: обработал строку: Трах-тах-тах...
2024/11/03 22:12:23 Воркер 2: обработал строку: Трах-тах-тах!
2024/11/03 22:12:23 Воркер 1: обработал строку: Позади — голодный пес,
2024/11/03 22:12:23 Воркер 3: обработал строку: И от пули невредим,
2024/11/03 22:12:23 Воркер 5: обработал строку: Впереди — с кровавым флагом,
2024/11/03 22:12:23 Воркер 4: обработал строку: И за вьюгой невидим,
2024/11/03 22:12:23 Воркер 4: канал задач закрыт! Завершил работу
2024/11/03 22:12:23 Воркер 2: обработал строку: Нежной поступью надвьюжной,
2024/11/03 22:12:23 Воркер 2: канал задач закрыт! Завершил работу
2024/11/03 22:12:23 Воркер 1: обработал строку: Снежной россыпью жемчужной,
2024/11/03 22:12:23 Воркер 1: получен сигнал остановки! Завершил работу
2024/11/03 22:12:24 Воркер 3: обработал строку: В белом венчике из роз —
2024/11/03 22:12:24 Воркер 3: канал задач закрыт! Завершил работу
2024/11/03 22:12:24 Воркер 5: обработал строку: Впереди — Исус Христос.
2024/11/03 22:12:24 Воркер 5: получен сигнал остановки! Завершил работу
2024/11/03 22:12:24 Worker pool завершил работу!
